f:\university\year 3\first semester\assembly\project\newest\sudoko\irvine\project_template\debug\main.obj
f:\university\year 3\first semester\assembly\project\newest\sudoko\irvine\project_template\debug\project.ilk
f:\university\year 3\first semester\assembly\project\newest\sudoko\irvine\project_template\debug\project.pdb
f:\university\year 3\first semester\assembly\project\newest\sudoko\irvine\project_template\debug\project.exe
f:\university\year 3\first semester\assembly\project\newest\sudoko\irvine\project_template\debug\project.tlog\link.10404.delete.1.tlog
f:\university\year 3\first semester\assembly\project\newest\sudoko\irvine\project_template\debug\project.tlog\link.11184.delete.1.tlog
f:\university\year 3\first semester\assembly\project\newest\sudoko\irvine\project_template\debug\project.tlog\link.11816.delete.1.tlog
f:\university\year 3\first semester\assembly\project\newest\sudoko\irvine\project_template\debug\project.tlog\link.12152.delete.1.tlog
f:\university\year 3\first semester\assembly\project\newest\sudoko\irvine\project_template\debug\project.tlog\link.12240.delete.1.tlog
f:\university\year 3\first semester\assembly\project\newest\sudoko\irvine\project_template\debug\project.tlog\link.12372.delete.1.tlog
f:\university\year 3\first semester\assembly\project\newest\sudoko\irvine\project_template\debug\project.tlog\link.12796.delete.1.tlog
f:\university\year 3\first semester\assembly\project\newest\sudoko\irvine\project_template\debug\project.tlog\link.13620.delete.1.tlog
f:\university\year 3\first semester\assembly\project\newest\sudoko\irvine\project_template\debug\project.tlog\link.13896.delete.1.tlog
f:\university\year 3\first semester\assembly\project\newest\sudoko\irvine\project_template\debug\project.tlog\link.1400.delete.1.tlog
f:\university\year 3\first semester\assembly\project\newest\sudoko\irvine\project_template\debug\project.tlog\link.1412.delete.1.tlog
f:\university\year 3\first semester\assembly\project\newest\sudoko\irvine\project_template\debug\project.tlog\link.15016.delete.1.tlog
f:\university\year 3\first semester\assembly\project\newest\sudoko\irvine\project_template\debug\project.tlog\link.16144.delete.1.tlog
f:\university\year 3\first semester\assembly\project\newest\sudoko\irvine\project_template\debug\project.tlog\link.16432.delete.1.tlog
f:\university\year 3\first semester\assembly\project\newest\sudoko\irvine\project_template\debug\project.tlog\link.16912.delete.1.tlog
f:\university\year 3\first semester\assembly\project\newest\sudoko\irvine\project_template\debug\project.tlog\link.17456.delete.1.tlog
f:\university\year 3\first semester\assembly\project\newest\sudoko\irvine\project_template\debug\project.tlog\link.17788.delete.1.tlog
f:\university\year 3\first semester\assembly\project\newest\sudoko\irvine\project_template\debug\project.tlog\link.17952.delete.1.tlog
f:\university\year 3\first semester\assembly\project\newest\sudoko\irvine\project_template\debug\project.tlog\link.18108.delete.1.tlog
f:\university\year 3\first semester\assembly\project\newest\sudoko\irvine\project_template\debug\project.tlog\link.18300.delete.1.tlog
f:\university\year 3\first semester\assembly\project\newest\sudoko\irvine\project_template\debug\project.tlog\link.18984.delete.1.tlog
f:\university\year 3\first semester\assembly\project\newest\sudoko\irvine\project_template\debug\project.tlog\link.19344.delete.1.tlog
f:\university\year 3\first semester\assembly\project\newest\sudoko\irvine\project_template\debug\project.tlog\link.19684.delete.1.tlog
f:\university\year 3\first semester\assembly\project\newest\sudoko\irvine\project_template\debug\project.tlog\link.19780.delete.1.tlog
f:\university\year 3\first semester\assembly\project\newest\sudoko\irvine\project_template\debug\project.tlog\link.20824.delete.1.tlog
f:\university\year 3\first semester\assembly\project\newest\sudoko\irvine\project_template\debug\project.tlog\link.20928.delete.1.tlog
f:\university\year 3\first semester\assembly\project\newest\sudoko\irvine\project_template\debug\project.tlog\link.21008.delete.1.tlog
f:\university\year 3\first semester\assembly\project\newest\sudoko\irvine\project_template\debug\project.tlog\link.21568.delete.1.tlog
f:\university\year 3\first semester\assembly\project\newest\sudoko\irvine\project_template\debug\project.tlog\link.21592.delete.1.tlog
f:\university\year 3\first semester\assembly\project\newest\sudoko\irvine\project_template\debug\project.tlog\link.21952.delete.1.tlog
f:\university\year 3\first semester\assembly\project\newest\sudoko\irvine\project_template\debug\project.tlog\link.22076.delete.1.tlog
f:\university\year 3\first semester\assembly\project\newest\sudoko\irvine\project_template\debug\project.tlog\link.22468.delete.1.tlog
f:\university\year 3\first semester\assembly\project\newest\sudoko\irvine\project_template\debug\project.tlog\link.22684.delete.1.tlog
f:\university\year 3\first semester\assembly\project\newest\sudoko\irvine\project_template\debug\project.tlog\link.23072.delete.1.tlog
f:\university\year 3\first semester\assembly\project\newest\sudoko\irvine\project_template\debug\project.tlog\link.23220.delete.1.tlog
f:\university\year 3\first semester\assembly\project\newest\sudoko\irvine\project_template\debug\project.tlog\link.2324.delete.1.tlog
f:\university\year 3\first semester\assembly\project\newest\sudoko\irvine\project_template\debug\project.tlog\link.23528.delete.1.tlog
f:\university\year 3\first semester\assembly\project\newest\sudoko\irvine\project_template\debug\project.tlog\link.23960.delete.1.tlog
f:\university\year 3\first semester\assembly\project\newest\sudoko\irvine\project_template\debug\project.tlog\link.24236.delete.1.tlog
f:\university\year 3\first semester\assembly\project\newest\sudoko\irvine\project_template\debug\project.tlog\link.24656.delete.1.tlog
f:\university\year 3\first semester\assembly\project\newest\sudoko\irvine\project_template\debug\project.tlog\link.24788.delete.1.tlog
f:\university\year 3\first semester\assembly\project\newest\sudoko\irvine\project_template\debug\project.tlog\link.25420.delete.1.tlog
f:\university\year 3\first semester\assembly\project\newest\sudoko\irvine\project_template\debug\project.tlog\link.26956.delete.1.tlog
f:\university\year 3\first semester\assembly\project\newest\sudoko\irvine\project_template\debug\project.tlog\link.27048.delete.1.tlog
f:\university\year 3\first semester\assembly\project\newest\sudoko\irvine\project_template\debug\project.tlog\link.27200.delete.1.tlog
f:\university\year 3\first semester\assembly\project\newest\sudoko\irvine\project_template\debug\project.tlog\link.2760.delete.1.tlog
f:\university\year 3\first semester\assembly\project\newest\sudoko\irvine\project_template\debug\project.tlog\link.27884.delete.1.tlog
f:\university\year 3\first semester\assembly\project\newest\sudoko\irvine\project_template\debug\project.tlog\link.27956.delete.1.tlog
f:\university\year 3\first semester\assembly\project\newest\sudoko\irvine\project_template\debug\project.tlog\link.28008.delete.1.tlog
f:\university\year 3\first semester\assembly\project\newest\sudoko\irvine\project_template\debug\project.tlog\link.28172.delete.1.tlog
f:\university\year 3\first semester\assembly\project\newest\sudoko\irvine\project_template\debug\project.tlog\link.28196.delete.1.tlog
f:\university\year 3\first semester\assembly\project\newest\sudoko\irvine\project_template\debug\project.tlog\link.28216.delete.1.tlog
f:\university\year 3\first semester\assembly\project\newest\sudoko\irvine\project_template\debug\project.tlog\link.28244.delete.1.tlog
f:\university\year 3\first semester\assembly\project\newest\sudoko\irvine\project_template\debug\project.tlog\link.28316.delete.1.tlog
f:\university\year 3\first semester\assembly\project\newest\sudoko\irvine\project_template\debug\project.tlog\link.28320.delete.1.tlog
f:\university\year 3\first semester\assembly\project\newest\sudoko\irvine\project_template\debug\project.tlog\link.28488.delete.1.tlog
f:\university\year 3\first semester\assembly\project\newest\sudoko\irvine\project_template\debug\project.tlog\link.28520.delete.1.tlog
f:\university\year 3\first semester\assembly\project\newest\sudoko\irvine\project_template\debug\project.tlog\link.28668.delete.1.tlog
f:\university\year 3\first semester\assembly\project\newest\sudoko\irvine\project_template\debug\project.tlog\link.3212.delete.1.tlog
f:\university\year 3\first semester\assembly\project\newest\sudoko\irvine\project_template\debug\project.tlog\link.3224.delete.1.tlog
f:\university\year 3\first semester\assembly\project\newest\sudoko\irvine\project_template\debug\project.tlog\link.5348.delete.1.tlog
f:\university\year 3\first semester\assembly\project\newest\sudoko\irvine\project_template\debug\project.tlog\link.6416.delete.1.tlog
f:\university\year 3\first semester\assembly\project\newest\sudoko\irvine\project_template\debug\project.tlog\link.6580.delete.1.tlog
f:\university\year 3\first semester\assembly\project\newest\sudoko\irvine\project_template\debug\project.tlog\link.6788.delete.1.tlog
f:\university\year 3\first semester\assembly\project\newest\sudoko\irvine\project_template\debug\project.tlog\link.7464.delete.1.tlog
f:\university\year 3\first semester\assembly\project\newest\sudoko\irvine\project_template\debug\project.tlog\link.7528.delete.1.tlog
f:\university\year 3\first semester\assembly\project\newest\sudoko\irvine\project_template\debug\project.tlog\link.8200.delete.1.tlog
f:\university\year 3\first semester\assembly\project\newest\sudoko\irvine\project_template\debug\project.tlog\link.8264.delete.1.tlog
f:\university\year 3\first semester\assembly\project\newest\sudoko\irvine\project_template\debug\project.tlog\link.9476.delete.1.tlog
f:\university\year 3\first semester\assembly\project\newest\sudoko\irvine\project_template\debug\project.tlog\link.9748.delete.1.tlog
f:\university\year 3\first semester\assembly\project\newest\sudoko\irvine\project_template\debug\project.tlog\link.command.1.tlog
f:\university\year 3\first semester\assembly\project\newest\sudoko\irvine\project_template\debug\project.tlog\link.delete.1.tlog
f:\university\year 3\first semester\assembly\project\newest\sudoko\irvine\project_template\debug\project.tlog\link.read.1.tlog
f:\university\year 3\first semester\assembly\project\newest\sudoko\irvine\project_template\debug\project.tlog\link.write.1.tlog
f:\university\year 3\first semester\assembly\project\newest\sudoko\irvine\project_template\debug\project.tlog\masm.read.1u.tlog
f:\university\year 3\first semester\assembly\project\newest\sudoko\irvine\project_template\debug\project.tlog\masm.write.1u.tlog
f:\university\year 3\first semester\assembly\project\newest\sudoko\irvine\project_template\debug\project.tlog\project.write.1u.tlog
